Removed Pin From Net: NetName=AVCC Pin=C9-1
Removed Pin From Net: NetName=AVCC Pin=C10-1
Removed Pin From Net: NetName=AVCC Pin=C11-1
Removed Pin From Net: NetName=AVCC Pin=C12-1
Removed Pin From Net: NetName=AVCC Pin=L2-2
Removed Pin From Net: NetName=AVCC Pin=M1-9
Removed Pin From Net: NetName=AVCC Pin=P4-2
Removed Pin From Net: NetName=AVCC Pin=R13-1
Removed Pin From Net: NetName=AVCC Pin=R16-1
Removed Pin From Net: NetName=AVCC Pin=U4-15
Added Pin To Net: NetName=AVCC_GND Pin=C9-1
Added Pin To Net: NetName=AVCC_GND Pin=C10-1
Added Pin To Net: NetName=AVCC_GND Pin=C11-1
Added Pin To Net: NetName=AVCC_GND Pin=C12-1
Added Pin To Net: NetName=AVCC_GND Pin=L2-2
Added Pin To Net: NetName=AVCC_GND Pin=M1-9
Added Pin To Net: NetName=AVCC_GND Pin=P4-2
Added Pin To Net: NetName=AVCC_GND Pin=R13-1
Added Pin To Net: NetName=AVCC_GND Pin=R16-1
Added Pin To Net: NetName=AVCC_GND Pin=U4-15
Added Net: Name=AVCC_GND
