Change Component Footprint: Designator=L1 Old Footprint=0402-A New Footprint=0603p
Change Component Footprint: Designator=L2 Old Footprint=0402-A New Footprint=0603p
Change Component Comment : Designator=C5 Old Comment=104 New Comment=0.1uf
Change Component Comment : Designator=C10 Old Comment=104 New Comment=0.1uf
Change Component Comment : Designator=C13 Old Comment=104 New Comment=0.1uf
Change Component Comment : Designator=C14 Old Comment=104 New Comment=0.1uf
Change Component Comment : Designator=C15 Old Comment=104 New Comment=0.1uf
Change Component Comment : Designator=C11 Old Comment=104 New Comment=10uf
Change Component Comment : Designator=C16 Old Comment=104 New Comment=20pf
Change Component Comment : Designator=C17 Old Comment=104 New Comment=20pf
Change Component Comment : Designator=C12 Old Comment=104 New Comment=100nf
Change Component Comment : Designator=C1 Old Comment=Cap New Comment=1uf
Change Component Comment : Designator=C2 Old Comment=Cap New Comment=1uf
Change Component Comment : Designator=C3 Old Comment=Cap New Comment=1uf
Change Component Comment : Designator=C4 Old Comment=Cap New Comment=1uf
Change Component Comment : Designator=C6 Old Comment=Cap New Comment=1uf
Change Component Comment : Designator=C7 Old Comment=Cap New Comment=1uf
Change Component Comment : Designator=C8 Old Comment=Cap New Comment=1uf
Change Component Comment : Designator=C9 Old Comment=Cap New Comment=1uf
Change Component Comment : Designator=R4 Old Comment=Res1 New Comment=0
Change Component Comment : Designator=R5 Old Comment=Res1 New Comment=0
Change Component Comment : Designator=R6 Old Comment=Res1 New Comment=0
Change Component Comment : Designator=R7 Old Comment=Res1 New Comment=0
Change Component Comment : Designator=R10 Old Comment=Res1 New Comment=0
Change Component Comment : Designator=R11 Old Comment=Res1 New Comment=0
Change Component Comment : Designator=R12 Old Comment=Res1 New Comment=0
Change Component Comment : Designator=R15 Old Comment=Res1 New Comment=0
Change Component Comment : Designator=R16 Old Comment=Res1 New Comment=0
Change Component Comment : Designator=R19 Old Comment=Res1 New Comment=0
Change Component Comment : Designator=R22 Old Comment=Res1 New Comment=2K
Change Component Comment : Designator=R23 Old Comment=Res1 New Comment=2K
Change Component Comment : Designator=R24 Old Comment=Res1 New Comment=2K
Change Component Comment : Designator=R25 Old Comment=Res1 New Comment=4.7K
Change Component Comment : Designator=R26 Old Comment=Res1 New Comment=4.7K
Change Component Comment : Designator=R27 Old Comment=Res1 New Comment=4.7K
Change Component Comment : Designator=R14 Old Comment=Res1 New Comment=10K
Change Component Comment : Designator=R1 Old Comment=Res1 New Comment=100K
Change Component Comment : Designator=R2 Old Comment=Res1 New Comment=100K
Change Component Comment : Designator=R3 Old Comment=Res1 New Comment=100K
Change Component Comment : Designator=R8 Old Comment=Res1 New Comment=100K
Change Component Comment : Designator=R9 Old Comment=Res1 New Comment=100K
Change Component Comment : Designator=R13 Old Comment=Res1 New Comment=100K
Change component parameters. Clean all parameters for all variants
Change component parameters (AddParameter): Name = "Part Field 1"; Value = "多层片式陶瓷电容  Y5V 50V 0.1μF±20%   CL21F104MBNE"; VariantName = "[No Variations]"
Change component parameters (AddParameter): Name = "Part Field 2"; Value = "三星公司/风华公司"; VariantName = "[No Variations]"
Change component parameters (AddParameter): Name = "Part Field 3"; Value = "0.008"; VariantName = "[No Variations]"
Change component parameters (AddParameter): Name = "value"; Value = "0.1uf"; VariantName = "[No Variations]"
