Change Component Designator: OldDesignator=C18 NewDesignator=C16
Change Component Designator: OldDesignator=C19 NewDesignator=C17
Change Component Designator: OldDesignator=C20 NewDesignator=C18
Change Component Designator: OldDesignator=C21 NewDesignator=C19
Change Component Designator: OldDesignator=C22 NewDesignator=C20
Change Component Designator: OldDesignator=C23 NewDesignator=C21
Change Component Designator: OldDesignator=P5 NewDesignator=P8
Change Component Designator: OldDesignator=P6 NewDesignator=P9
Change Component Designator: OldDesignator=R28 NewDesignator=R26
Change Component Designator: OldDesignator=R29 NewDesignator=R27
Change Component Designator: OldDesignator=R30 NewDesignator=R28
Change Component Designator: OldDesignator=R31 NewDesignator=R29
Change Component Designator: OldDesignator=R32 NewDesignator=R30
Change Component Designator: OldDesignator=R33 NewDesignator=R31
Change Component Designator: OldDesignator=R34 NewDesignator=R32
Change Component Designator: OldDesignator=R35 NewDesignator=R33
Change Component Designator: OldDesignator=R36 NewDesignator=R34
Change Component Designator: OldDesignator=R37 NewDesignator=R35
Change Component Designator: OldDesignator=R38 NewDesignator=R36
Change Component Designator: OldDesignator=R39 NewDesignator=R38
Change Component Designator: OldDesignator=R41 NewDesignator=R39
Change Component Designator: OldDesignator=R42 NewDesignator=R41
Change Component Designator: OldDesignator=R43 NewDesignator=R37
Change Component Designator: OldDesignator=R? NewDesignator=R40
Change Component Designator: OldDesignator=U6 NewDesignator=U5
Change Component Designator: OldDesignator=U7 NewDesignator=U6
Change Net Name : Old Net Name=NetC18_2 New Net Name=NetC16_2
Change Net Name : Old Net Name=NetC19_2 New Net Name=NetC17_2
Change Net Name : Old Net Name=NetC20_2 New Net Name=NetC18_2
Change Net Name : Old Net Name=NetC21_2 New Net Name=NetC19_2
Change Net Name : Old Net Name=NetC22_2 New Net Name=NetC20_2
Change Net Name : Old Net Name=NetC23_2 New Net Name=NetC21_2
Change Net Name : Old Net Name=NetR34_1 New Net Name=NetR32_1
Change Net Name : Old Net Name=NetR34_2 New Net Name=NetR32_2
Change Net Name : Old Net Name=NetR35_1 New Net Name=NetR33_1
Change Net Name : Old Net Name=NetR35_2 New Net Name=NetR33_2
Change Net Name : Old Net Name=NetR36_1 New Net Name=NetR34_1
Change Net Name : Old Net Name=NetR36_2 New Net Name=NetR34_2
Change Net Name : Old Net Name=NetR37_1 New Net Name=NetR35_1
Change Net Name : Old Net Name=NetR37_2 New Net Name=NetR35_2
